<?xml version="1.0" encoding="UTF-8"?>
<!-- Generated by org.testng.reporters.JUnitReportReporter -->
<testsuite hostname="DESKTOP-M8FCCF0" name="com.xiaoxinkeji.interf.test.signboardTest" tests="6" failures="0" timestamp="14 Oct 2019 03:07:07 GMT" time="4.933" errors="0">
  <testcase name="f" time="0.369" classname="com.xiaoxinkeji.interf.test.signboardTest"/>
  <testcase name="f" time="0.320" classname="com.xiaoxinkeji.interf.test.signboardTest"/>
  <testcase name="f" time="0.264" classname="com.xiaoxinkeji.interf.test.signboardTest"/>
  <testcase name="f" time="3.354" classname="com.xiaoxinkeji.interf.test.signboardTest"/>
  <testcase name="f" time="0.297" classname="com.xiaoxinkeji.interf.test.signboardTest"/>
  <testcase name="f" time="0.329" classname="com.xiaoxinkeji.interf.test.signboardTest"/>
</testsuite> <!-- com.xiaoxinkeji.interf.test.signboardTest -->
